{"E:\\Programming\\Projects\\Node\\sharetrip-interview-task\\src\\presentation\\routers\\post-router.ts": {"path":"E:\\Programming\\Projects\\Node\\sharetrip-interview-task\\src\\presentation\\routers\\post-router.ts","statementMap":{"0":{"start":{"line":1,"column":0},"end":{"line":1,"column":53}},"1":{"start":{"line":2,"column":0},"end":{"line":2,"column":26}},"2":{"start":{"line":11,"column":19},"end":{"line":11,"column":35}},"3":{"start":{"line":13,"column":4},"end":{"line":41,"column":7}},"4":{"start":{"line":13,"column":58},"end":{"line":41,"column":6}},"5":{"start":{"line":14,"column":8},"end":{"line":40,"column":9}},"6":{"start":{"line":15,"column":32},"end":{"line":15,"column":41}},"7":{"start":{"line":17,"column":12},"end":{"line":19,"column":13}},"8":{"start":{"line":18,"column":16},"end":{"line":18,"column":81}},"9":{"start":{"line":21,"column":29},"end":{"line":21,"column":90}},"10":{"start":{"line":22,"column":26},"end":{"line":22,"column":39}},"11":{"start":{"line":24,"column":33},"end":{"line":25,"column":null}},"12":{"start":{"line":25,"column":16},"end":{"line":25,"column":95}},"13":{"start":{"line":28,"column":43},"end":{"line":32,"column":14}},"14":{"start":{"line":35,"column":27},"end":{"line":35,"column":88}},"15":{"start":{"line":37,"column":12},"end":{"line":37,"column":41}},"16":{"start":{"line":39,"column":12},"end":{"line":39,"column":69}},"17":{"start":{"line":43,"column":4},"end":{"line":43,"column":18}},"18":{"start":{"line":8,"column":0},"end":{"line":8,"column":24}}},"fnMap":{"0":{"name":"PostsRouter","decl":{"start":{"line":8,"column":24},"end":{"line":8,"column":35}},"loc":{"start":{"line":9,"column":52},"end":{"line":44,"column":1}}},"1":{"name":"(anonymous_9)","decl":{"start":{"line":13,"column":20},"end":{"line":13,"column":27}},"loc":{"start":{"line":13,"column":58},"end":{"line":41,"column":6}}},"2":{"name":"(anonymous_10)","decl":{"start":{"line":13,"column":58},"end":{"line":13,"column":null}},"loc":{"start":{"line":13,"column":58},"end":{"line":41,"column":5}}},"3":{"name":"(anonymous_11)","decl":{"start":{"line":24,"column":46},"end":{"line":24,"column":47}},"loc":{"start":{"line":25,"column":16},"end":{"line":25,"column":95}}}},"branchMap":{"0":{"loc":{"start":{"line":17,"column":12},"end":{"line":19,"column":13}},"type":"if","locations":[{"start":{"line":17,"column":12},"end":{"line":19,"column":13}}]},"1":{"loc":{"start":{"line":25,"column":16},"end":{"line":25,"column":95}},"type":"binary-expr","locations":[{"start":{"line":25,"column":16},"end":{"line":25,"column":54}},{"start":{"line":25,"column":58},"end":{"line":25,"column":95}}]}},"s":{"0":1,"1":1,"2":4,"3":4,"4":2,"5":2,"6":2,"7":2,"8":1,"9":1,"10":1,"11":1,"12":100,"13":1,"14":1,"15":0,"16":1,"17":4,"18":1},"f":{"0":4,"1":2,"2":2,"3":100},"b":{"0":[1],"1":[100,100]}}
}
